<?xml version="1.0" encoding="UTF-8"?>
<testsuite name="ucf.assignments.DisplayAllControllerTest" tests="1" skipped="0" failures="0" errors="0" timestamp="2021-11-01T17:32:27" hostname="BEMI" time="0.014">
  <properties/>
  <testcase name="loadCompleteList()" classname="ucf.assignments.DisplayAllControllerTest" time="0.014"/>
  <system-out><![CDATA[]]></system-out>
  <system-err><![CDATA[]]></system-err>
</testsuite>
